   1              		.cpu cortex-m4
   2              		.eabi_attribute 27, 1
   3              		.eabi_attribute 28, 1
   4              		.eabi_attribute 20, 1
   5              		.eabi_attribute 21, 1
   6              		.eabi_attribute 23, 3
   7              		.eabi_attribute 24, 1
   8              		.eabi_attribute 25, 1
   9              		.eabi_attribute 26, 1
  10              		.eabi_attribute 30, 1
  11              		.eabi_attribute 34, 1
  12              		.eabi_attribute 18, 4
  13              		.file	"can_db_tables.c"
  14              		.text
  15              		.global	can_gateway_db_const
  16              		.global	can_bus_db_const
  17              		.global	can_block_db_const
  18              		.global	can_datenpunkt_db_const
  19              		.section	.rodata#,"aw"
  20              		.align	2
  23              	can_gateway_db_const:
  24 0000 0000     		.space	2
  25 0002 0000     		.space	2
  28              	can_bus_db_const:
  29 0004 00       		.byte	0
  30 0005 01       		.byte	1
  31 0006 00       		.byte	0
  32 0007 04       		.byte	4
  33 0008 00       		.byte	0
  34 0009 32353020 		.ascii	"250 kBit\000"
  34      6B426974 
  34      00
  35 0012 0000     		.space	2
  36 0014 03       		.byte	3
  37 0015 0F       		.byte	15
  38 0016 03       		.byte	3
  39 0017 03       		.byte	3
  40 0018 00       		.byte	0
  41 0019 00       		.byte	0
  42 001a 00       		.ascii	"\000"
  43 001b 00000000 		.space	10
  43      00000000 
  43      0000
  44 0025 00       		.byte	0
  45 0026 00       		.byte	0
  46 0027 00       		.byte	0
  47 0028 00       		.byte	0
  48 0029 00       		.byte	0
  49 002a 00       		.byte	0
  50 002b 00       		.byte	0
  51 002c 01       		.byte	1
  52 002d 01       		.byte	1
  53 002e 00       		.byte	0
  54 002f 04       		.byte	4
  55 0030 00       		.byte	0
  56 0031 32353020 		.ascii	"250 kBit\000"
  56      6B426974 
  56      00
  57 003a 0000     		.space	2
  58 003c 03       		.byte	3
  59 003d 0F       		.byte	15
  60 003e 03       		.byte	3
  61 003f 03       		.byte	3
  62 0040 00       		.byte	0
  63 0041 00       		.byte	0
  64 0042 00       		.ascii	"\000"
  65 0043 00000000 		.space	10
  65      00000000 
  65      0000
  66 004d 00       		.byte	0
  67 004e 00       		.byte	0
  68 004f 00       		.byte	0
  69 0050 00       		.byte	0
  70 0051 00       		.byte	0
  71 0052 00       		.byte	0
  72 0053 00       		.byte	0
  73 0054 00000000 		.space	40
  73      00000000 
  73      00000000 
  73      00000000 
  73      00000000 
  76              	can_block_db_const:
  77 007c 00       		.byte	0
  78 007d 000000   		.space	3
  79 0080 355A9D18 		.word	412965429
  80 0084 01       		.byte	1
  81 0085 00       		.byte	0
  82 0086 0000     		.space	2
  83 0088 64000000 		.word	100
  84 008c 64000000 		.word	100
  85 0090 08       		.byte	8
  86 0091 00       		.byte	0
  87 0092 17       		.byte	23
  88 0093 00       		.space	1
  89 0094 00000000 		.word	0
  90 0098 00       		.byte	0
  91 0099 00       		.byte	0
  92 009a 00       		.byte	0
  93 009b 00       		.space	1
  94 009c 00000000 		.word	0
  95 00a0 00       		.byte	0
  96 00a1 000000   		.space	3
  97 00a4 355A9C18 		.word	412899893
  98 00a8 01       		.byte	1
  99 00a9 00       		.byte	0
 100 00aa 0000     		.space	2
 101 00ac 64000000 		.word	100
 102 00b0 64000000 		.word	100
 103 00b4 08       		.byte	8
 104 00b5 01       		.byte	1
 105 00b6 17       		.byte	23
 106 00b7 00       		.space	1
 107 00b8 00000000 		.word	0
 108 00bc 00       		.byte	0
 109 00bd 00       		.byte	0
 110 00be 00       		.byte	0
 111 00bf 00       		.space	1
 112 00c0 00000000 		.word	0
 113 00c4 00       		.byte	0
 114 00c5 000000   		.space	3
 115 00c8 355A9B18 		.word	412834357
 116 00cc 01       		.byte	1
 117 00cd 00       		.byte	0
 118 00ce 0000     		.space	2
 119 00d0 64000000 		.word	100
 120 00d4 64000000 		.word	100
 121 00d8 08       		.byte	8
 122 00d9 01       		.byte	1
 123 00da 17       		.byte	23
 124 00db 00       		.space	1
 125 00dc 00000000 		.word	0
 126 00e0 00       		.byte	0
 127 00e1 00       		.byte	0
 128 00e2 00       		.byte	0
 129 00e3 00       		.space	1
 130 00e4 00000000 		.word	0
 131 00e8 00000000 		.space	36
 131      00000000 
 131      00000000 
 131      00000000 
 131      00000000 
 134              	can_datenpunkt_db_const:
 135 010c 00       		.byte	0
 136 010d 00       		.space	1
 137 010e 0000     		.short	0
 138 0110 0200     		.short	2
 139 0112 02       		.byte	2
 140 0113 00       		.byte	0
 141 0114 00000000 		.space	4
 142 0118 00       		.byte	0
 143 0119 00       		.space	1
 144 011a 0200     		.short	2
 145 011c 0200     		.short	2
 146 011e 02       		.byte	2
 147 011f 00       		.byte	0
 148 0120 00000000 		.space	4
 149 0124 00       		.byte	0
 150 0125 00       		.space	1
 151 0126 0400     		.short	4
 152 0128 0200     		.short	2
 153 012a 02       		.byte	2
 154 012b 00       		.byte	0
 155 012c 00000000 		.space	4
 156 0130 00       		.byte	0
 157 0131 00       		.space	1
 158 0132 0600     		.short	6
 159 0134 0200     		.short	2
 160 0136 02       		.byte	2
 161 0137 00       		.byte	0
 162 0138 00000000 		.space	4
 163 013c 00       		.byte	0
 164 013d 00       		.space	1
 165 013e 0800     		.short	8
 166 0140 0200     		.short	2
 167 0142 02       		.byte	2
 168 0143 00       		.byte	0
 169 0144 00000000 		.space	4
 170 0148 00       		.byte	0
 171 0149 00       		.space	1
 172 014a 0A00     		.short	10
 173 014c 0200     		.short	2
 174 014e 02       		.byte	2
 175 014f 00       		.byte	0
 176 0150 00000000 		.space	4
 177 0154 00       		.byte	0
 178 0155 00       		.space	1
 179 0156 0C00     		.short	12
 180 0158 0200     		.short	2
 181 015a 02       		.byte	2
 182 015b 00       		.byte	0
 183 015c 00000000 		.space	4
 184 0160 00       		.byte	0
 185 0161 00       		.space	1
 186 0162 0E00     		.short	14
 187 0164 0200     		.short	2
 188 0166 02       		.byte	2
 189 0167 00       		.byte	0
 190 0168 00000000 		.space	4
 191 016c 01       		.byte	1
 192 016d 00       		.space	1
 193 016e 0000     		.short	0
 194 0170 0200     		.short	2
 195 0172 02       		.byte	2
 196 0173 00       		.byte	0
 197 0174 00000000 		.space	4
 198 0178 01       		.byte	1
 199 0179 00       		.space	1
 200 017a 0200     		.short	2
 201 017c 0200     		.short	2
 202 017e 02       		.byte	2
 203 017f 00       		.byte	0
 204 0180 00000000 		.space	4
 205 0184 01       		.byte	1
 206 0185 00       		.space	1
 207 0186 0400     		.short	4
 208 0188 0200     		.short	2
 209 018a 02       		.byte	2
 210 018b 00       		.byte	0
 211 018c 00000000 		.space	4
 212 0190 01       		.byte	1
 213 0191 00       		.space	1
 214 0192 0600     		.short	6
 215 0194 0200     		.short	2
 216 0196 02       		.byte	2
 217 0197 00       		.byte	0
 218 0198 00000000 		.space	4
 219 019c 01       		.byte	1
 220 019d 00       		.space	1
 221 019e 0800     		.short	8
 222 01a0 0200     		.short	2
 223 01a2 02       		.byte	2
 224 01a3 00       		.byte	0
 225 01a4 00000000 		.space	4
 226 01a8 01       		.byte	1
 227 01a9 00       		.space	1
 228 01aa 0A00     		.short	10
 229 01ac 0200     		.short	2
 230 01ae 02       		.byte	2
 231 01af 00       		.byte	0
 232 01b0 00000000 		.space	4
 233 01b4 01       		.byte	1
 234 01b5 00       		.space	1
 235 01b6 0C00     		.short	12
 236 01b8 0200     		.short	2
 237 01ba 02       		.byte	2
 238 01bb 00       		.byte	0
 239 01bc 00000000 		.space	4
 240 01c0 01       		.byte	1
 241 01c1 00       		.space	1
 242 01c2 0E00     		.short	14
 243 01c4 0200     		.short	2
 244 01c6 02       		.byte	2
 245 01c7 00       		.byte	0
 246 01c8 00000000 		.space	4
 247 01cc 01       		.byte	1
 248 01cd 00       		.space	1
 249 01ce 1000     		.short	16
 250 01d0 0200     		.short	2
 251 01d2 02       		.byte	2
 252 01d3 00       		.byte	0
 253 01d4 00000000 		.space	4
 254 01d8 01       		.byte	1
 255 01d9 00       		.space	1
 256 01da 1200     		.short	18
 257 01dc 0200     		.short	2
 258 01de 02       		.byte	2
 259 01df 00       		.byte	0
 260 01e0 00000000 		.space	4
 261 01e4 02       		.byte	2
 262 01e5 00       		.space	1
 263 01e6 0000     		.short	0
 264 01e8 0800     		.short	8
 265 01ea 02       		.byte	2
 266 01eb 00       		.byte	0
 267 01ec 00000000 		.space	4
 268 01f0 02       		.byte	2
 269 01f1 00       		.space	1
 270 01f2 0800     		.short	8
 271 01f4 0800     		.short	8
 272 01f6 02       		.byte	2
 273 01f7 00       		.byte	0
 274 01f8 00000000 		.space	4
 275 01fc 02       		.byte	2
 276 01fd 00       		.space	1
 277 01fe 1000     		.short	16
 278 0200 0800     		.short	8
 279 0202 02       		.byte	2
 280 0203 00       		.byte	0
 281 0204 00000000 		.space	4
 282 0208 02       		.byte	2
 283 0209 00       		.space	1
 284 020a 1800     		.short	24
 285 020c 0800     		.short	8
 286 020e 02       		.byte	2
 287 020f 00       		.byte	0
 288 0210 00000000 		.space	4
 289 0214 02       		.byte	2
 290 0215 00       		.space	1
 291 0216 2000     		.short	32
 292 0218 0800     		.short	8
 293 021a 02       		.byte	2
 294 021b 00       		.byte	0
 295 021c 00000000 		.space	4
 296 0220 02       		.byte	2
 297 0221 00       		.space	1
 298 0222 2800     		.short	40
 299 0224 0800     		.short	8
 300 0226 02       		.byte	2
 301 0227 00       		.byte	0
 302 0228 00000000 		.space	4
 303 022c 02       		.byte	2
 304 022d 00       		.space	1
 305 022e 3000     		.short	48
 306 0230 0800     		.short	8
 307 0232 02       		.byte	2
 308 0233 00       		.byte	0
 309 0234 00000000 		.space	4
 310 0238 02       		.byte	2
 311 0239 00       		.space	1
 312 023a 3800     		.short	56
 313 023c 0800     		.short	8
 314 023e 02       		.byte	2
 315 023f 00       		.byte	0
 316 0240 00000000 		.space	4
 317 0244 01       		.byte	1
 318 0245 00       		.space	1
 319 0246 1400     		.short	20
 320 0248 0200     		.short	2
 321 024a 02       		.byte	2
 322 024b 00       		.byte	0
 323 024c 00000000 		.space	4
 324 0250 01       		.byte	1
 325 0251 00       		.space	1
 326 0252 1600     		.short	22
 327 0254 0200     		.short	2
 328 0256 02       		.byte	2
 329 0257 00       		.byte	0
 330 0258 00000000 		.space	4
 331 025c 01       		.byte	1
 332 025d 00       		.space	1
 333 025e 1800     		.short	24
 334 0260 0200     		.short	2
 335 0262 02       		.byte	2
 336 0263 00       		.byte	0
 337 0264 00000000 		.space	4
 338 0268 01       		.byte	1
 339 0269 00       		.space	1
 340 026a 1A00     		.short	26
 341 026c 0200     		.short	2
 342 026e 02       		.byte	2
 343 026f 00       		.byte	0
 344 0270 00000000 		.space	4
 345 0274 00       		.byte	0
 346 0275 00       		.space	1
 347 0276 1000     		.short	16
 348 0278 0200     		.short	2
 349 027a 02       		.byte	2
 350 027b 00       		.byte	0
 351 027c 00000000 		.space	4
 352 0280 00       		.byte	0
 353 0281 00       		.space	1
 354 0282 1200     		.short	18
 355 0284 0200     		.short	2
 356 0286 02       		.byte	2
 357 0287 00       		.byte	0
 358 0288 00000000 		.space	4
 359 028c 00       		.byte	0
 360 028d 00       		.space	1
 361 028e 1400     		.short	20
 362 0290 0200     		.short	2
 363 0292 02       		.byte	2
 364 0293 00       		.byte	0
 365 0294 00000000 		.space	4
 366 0298 00       		.byte	0
 367 0299 00       		.space	1
 368 029a 1600     		.short	22
 369 029c 0200     		.short	2
 370 029e 02       		.byte	2
 371 029f 00       		.byte	0
 372 02a0 00000000 		.space	4
 373 02a4 00       		.byte	0
 374 02a5 00       		.space	1
 375 02a6 1800     		.short	24
 376 02a8 0200     		.short	2
 377 02aa 02       		.byte	2
 378 02ab 00       		.byte	0
 379 02ac 00000000 		.space	4
 380 02b0 00       		.byte	0
 381 02b1 00       		.space	1
 382 02b2 1A00     		.short	26
 383 02b4 0200     		.short	2
 384 02b6 02       		.byte	2
 385 02b7 00       		.byte	0
 386 02b8 00000000 		.space	4
 387 02bc 01       		.byte	1
 388 02bd 00       		.space	1
 389 02be 2000     		.short	32
 390 02c0 2000     		.short	32
 391 02c2 02       		.byte	2
 392 02c3 00       		.byte	0
 393 02c4 00000000 		.space	4
 394 02c8 00000000 		.space	12
 394      00000000 
 394      00000000 
 395              		.ident	"GCC: (GNU Tools for Arm Embedded Processors 8-2019-q3-update) 8.3.1 20190703 (release) [gc
