   1              		.cpu cortex-m4
   2              		.eabi_attribute 27, 1
   3              		.eabi_attribute 28, 1
   4              		.eabi_attribute 20, 1
   5              		.eabi_attribute 21, 1
   6              		.eabi_attribute 23, 3
   7              		.eabi_attribute 24, 1
   8              		.eabi_attribute 25, 1
   9              		.eabi_attribute 26, 1
  10              		.eabi_attribute 30, 1
  11              		.eabi_attribute 34, 1
  12              		.eabi_attribute 18, 4
  13              		.file	"motor_app.c"
  14              		.text
  15              		.section	.text.motor_set_handle,"ax",%progbits
  16              		.align	1
  17              		.global	motor_set_handle
  18              		.arch armv7e-m
  19              		.syntax unified
  20              		.thumb
  21              		.thumb_func
  22              		.fpu fpv4-sp-d16
  24              	motor_set_handle:
  25              		@ args = 0, pretend = 0, frame = 0
  26              		@ frame_needed = 0, uses_anonymous_args = 0
  27              		@ link register save eliminated.
  28 0000 014B     		ldr	r3, .L2
  29 0002 1860     		str	r0, [r3]
  30 0004 7047     		bx	lr
  31              	.L3:
  32 0006 00BF     		.align	2
  33              	.L2:
  34 0008 00000000 		.word	.LANCHOR0
  36              		.section	.text.motor_set_hb_type,"ax",%progbits
  37              		.align	1
  38              		.global	motor_set_hb_type
  39              		.syntax unified
  40              		.thumb
  41              		.thumb_func
  42              		.fpu fpv4-sp-d16
  44              	motor_set_hb_type:
  45              		@ args = 0, pretend = 0, frame = 0
  46              		@ frame_needed = 0, uses_anonymous_args = 0
  47              		@ link register save eliminated.
  48 0000 034B     		ldr	r3, .L7
  49 0002 1B68     		ldr	r3, [r3]
  50 0004 002B     		cmp	r3, #0
  51 0006 0CBF     		ite	eq
  52 0008 0220     		moveq	r0, #2
  53 000a 0320     		movne	r0, #3
  54 000c 7047     		bx	lr
  55              	.L8:
  56 000e 00BF     		.align	2
  57              	.L7:
  58 0010 00000000 		.word	.LANCHOR0
  60              		.section	.text.motor_set_direction,"ax",%progbits
  61              		.align	1
  62              		.global	motor_set_direction
  63              		.syntax unified
  64              		.thumb
  65              		.thumb_func
  66              		.fpu fpv4-sp-d16
  68              	motor_set_direction:
  69              		@ args = 0, pretend = 0, frame = 0
  70              		@ frame_needed = 0, uses_anonymous_args = 0
  71              		@ link register save eliminated.
  72 0000 034B     		ldr	r3, .L12
  73 0002 1B68     		ldr	r3, [r3]
  74 0004 002B     		cmp	r3, #0
  75 0006 0CBF     		ite	eq
  76 0008 0220     		moveq	r0, #2
  77 000a 0320     		movne	r0, #3
  78 000c 7047     		bx	lr
  79              	.L13:
  80 000e 00BF     		.align	2
  81              	.L12:
  82 0010 00000000 		.word	.LANCHOR0
  84              		.section	.text.motor_ramp_up,"ax",%progbits
  85              		.align	1
  86              		.global	motor_ramp_up
  87              		.syntax unified
  88              		.thumb
  89              		.thumb_func
  90              		.fpu fpv4-sp-d16
  92              	motor_ramp_up:
  93              		@ args = 0, pretend = 0, frame = 0
  94              		@ frame_needed = 0, uses_anonymous_args = 0
  95              		@ link register save eliminated.
  96 0000 034B     		ldr	r3, .L17
  97 0002 1B68     		ldr	r3, [r3]
  98 0004 002B     		cmp	r3, #0
  99 0006 0CBF     		ite	eq
 100 0008 0220     		moveq	r0, #2
 101 000a 0320     		movne	r0, #3
 102 000c 7047     		bx	lr
 103              	.L18:
 104 000e 00BF     		.align	2
 105              	.L17:
 106 0010 00000000 		.word	.LANCHOR0
 108              		.section	.text.motor_ramp_down,"ax",%progbits
 109              		.align	1
 110              		.global	motor_ramp_down
 111              		.syntax unified
 112              		.thumb
 113              		.thumb_func
 114              		.fpu fpv4-sp-d16
 116              	motor_ramp_down:
 117              		@ args = 0, pretend = 0, frame = 0
 118              		@ frame_needed = 0, uses_anonymous_args = 0
 119              		@ link register save eliminated.
 120 0000 034B     		ldr	r3, .L22
 121 0002 1B68     		ldr	r3, [r3]
 122 0004 002B     		cmp	r3, #0
 123 0006 0CBF     		ite	eq
 124 0008 0220     		moveq	r0, #2
 125 000a 0320     		movne	r0, #3
 126 000c 7047     		bx	lr
 127              	.L23:
 128 000e 00BF     		.align	2
 129              	.L22:
 130 0010 00000000 		.word	.LANCHOR0
 132              		.section	.text.motor_set_frequency,"ax",%progbits
 133              		.align	1
 134              		.global	motor_set_frequency
 135              		.syntax unified
 136              		.thumb
 137              		.thumb_func
 138              		.fpu fpv4-sp-d16
 140              	motor_set_frequency:
 141              		@ args = 0, pretend = 0, frame = 0
 142              		@ frame_needed = 0, uses_anonymous_args = 0
 143              		@ link register save eliminated.
 144 0000 034B     		ldr	r3, .L27
 145 0002 1B68     		ldr	r3, [r3]
 146 0004 002B     		cmp	r3, #0
 147 0006 0CBF     		ite	eq
 148 0008 0220     		moveq	r0, #2
 149 000a 0320     		movne	r0, #3
 150 000c 7047     		bx	lr
 151              	.L28:
 152 000e 00BF     		.align	2
 153              	.L27:
 154 0010 00000000 		.word	.LANCHOR0
 156              		.section	.text.motor_set_duty_cycle,"ax",%progbits
 157              		.align	1
 158              		.global	motor_set_duty_cycle
 159              		.syntax unified
 160              		.thumb
 161              		.thumb_func
 162              		.fpu fpv4-sp-d16
 164              	motor_set_duty_cycle:
 165              		@ args = 0, pretend = 0, frame = 0
 166              		@ frame_needed = 0, uses_anonymous_args = 0
 167              		@ link register save eliminated.
 168 0000 034B     		ldr	r3, .L32
 169 0002 1B68     		ldr	r3, [r3]
 170 0004 002B     		cmp	r3, #0
 171 0006 0CBF     		ite	eq
 172 0008 0220     		moveq	r0, #2
 173 000a 0320     		movne	r0, #3
 174 000c 7047     		bx	lr
 175              	.L33:
 176 000e 00BF     		.align	2
 177              	.L32:
 178 0010 00000000 		.word	.LANCHOR0
 180              		.section	.text.motor_update,"ax",%progbits
 181              		.align	1
 182              		.global	motor_update
 183              		.syntax unified
 184              		.thumb
 185              		.thumb_func
 186              		.fpu fpv4-sp-d16
 188              	motor_update:
 189              		@ args = 0, pretend = 0, frame = 0
 190              		@ frame_needed = 0, uses_anonymous_args = 0
 191              		@ link register save eliminated.
 192 0000 034B     		ldr	r3, .L37
 193 0002 1B68     		ldr	r3, [r3]
 194 0004 002B     		cmp	r3, #0
 195 0006 0CBF     		ite	eq
 196 0008 0220     		moveq	r0, #2
 197 000a 0320     		movne	r0, #3
 198 000c 7047     		bx	lr
 199              	.L38:
 200 000e 00BF     		.align	2
 201              	.L37:
 202 0010 00000000 		.word	.LANCHOR0
 204              		.section	.text.motor_cyclic,"ax",%progbits
 205              		.align	1
 206              		.global	motor_cyclic
 207              		.syntax unified
 208              		.thumb
 209              		.thumb_func
 210              		.fpu fpv4-sp-d16
 212              	motor_cyclic:
 213              		@ args = 20, pretend = 0, frame = 0
 214              		@ frame_needed = 0, uses_anonymous_args = 0
 215              		@ link register save eliminated.
 216 0000 034B     		ldr	r3, .L42
 217 0002 1B68     		ldr	r3, [r3]
 218 0004 002B     		cmp	r3, #0
 219 0006 0CBF     		ite	eq
 220 0008 0220     		moveq	r0, #2
 221 000a 0320     		movne	r0, #3
 222 000c 7047     		bx	lr
 223              	.L43:
 224 000e 00BF     		.align	2
 225              	.L42:
 226 0010 00000000 		.word	.LANCHOR0
 228              		.section	.bss.motor_handles_ptr,"aw",%nobits
 229              		.align	2
 230              		.set	.LANCHOR0,. + 0
 233              	motor_handles_ptr:
 234 0000 00000000 		.space	4
 235              		.ident	"GCC: (GNU Tools for Arm Embedded Processors 8-2019-q3-update) 8.3.1 20190703 (release) [gc
